<?xml version="1.0" encoding="UTF-8"?>
<!-- Generated by org.testng.reporters.JUnitReportReporter -->
<testsuite hostname="Pcoolll" failures="0" tests="1" name="SeleniumJavaProject.product" time="0.367" errors="0" timestamp="2023-12-18T19:39:50 IST" skipped="0">
  <testcase classname="SeleniumJavaProject.product" name="Login" time="0.367"/>
</testsuite> <!-- SeleniumJavaProject.product -->
